<?xml version="1.1" encoding="UTF-8"?>
<testsuite name="com.flydenver.bagrouter.BagRouteOutputTest" tests="4" failures="0" errors="0" timestamp="2018-01-31T12:25:09" hostname="IE00201418" time="0.282">
  <properties/>
  <testcase name="testWriteRow" classname="com.flydenver.bagrouter.BagRouteOutputTest" time="0.013"/>
  <testcase name="testStreamWrite" classname="com.flydenver.bagrouter.BagRouteOutputTest" time="0.0"/>
  <testcase name="testWriteRow" classname="com.flydenver.bagrouter.BagRouteOutputTest" time="0.0"/>
  <testcase name="testStreamWrite" classname="com.flydenver.bagrouter.BagRouteOutputTest" time="0.001"/>
  <system-out><![CDATA[]]></system-out>
  <system-err><![CDATA[]]></system-err>
</testsuite>
