<?xml version="1.1" encoding="UTF-8"?>
<testsuite name="com.flydenver.bagrouter.routing.WeightedEdgeTest" tests="24" failures="0" errors="0" timestamp="2018-01-31T12:25:09" hostname="IE00201418" time="0.138">
  <properties/>
  <testcase name="testCreateEdges" classname="com.flydenver.bagrouter.routing.WeightedEdgeTest" time="0.001"/>
  <testcase name="equalsCheck" classname="com.flydenver.bagrouter.routing.WeightedEdgeTest" time="0.0"/>
  <testcase name="compareCheck" classname="com.flydenver.bagrouter.routing.WeightedEdgeTest" time="0.0"/>
  <testcase name="otherNodeCheck" classname="com.flydenver.bagrouter.routing.WeightedEdgeTest" time="0.0"/>
  <testcase name="testNegativeWeight" classname="com.flydenver.bagrouter.routing.WeightedEdgeTest" time="0.0"/>
  <testcase name="testEqualNode" classname="com.flydenver.bagrouter.routing.WeightedEdgeTest" time="0.0"/>
  <testcase name="testNullNode1" classname="com.flydenver.bagrouter.routing.WeightedEdgeTest" time="0.0"/>
  <testcase name="testNullNode2" classname="com.flydenver.bagrouter.routing.WeightedEdgeTest" time="0.0"/>
  <testcase name="testCreateEdges" classname="com.flydenver.bagrouter.routing.WeightedEdgeTest" time="0.0"/>
  <testcase name="equalsCheck" classname="com.flydenver.bagrouter.routing.WeightedEdgeTest" time="0.001"/>
  <testcase name="compareCheck" classname="com.flydenver.bagrouter.routing.WeightedEdgeTest" time="0.0"/>
  <testcase name="otherNodeCheck" classname="com.flydenver.bagrouter.routing.WeightedEdgeTest" time="0.0"/>
  <testcase name="testNegativeWeight" classname="com.flydenver.bagrouter.routing.WeightedEdgeTest" time="0.0"/>
  <testcase name="testEqualNode" classname="com.flydenver.bagrouter.routing.WeightedEdgeTest" time="0.0"/>
  <testcase name="testNullNode1" classname="com.flydenver.bagrouter.routing.WeightedEdgeTest" time="0.0"/>
  <testcase name="testNullNode2" classname="com.flydenver.bagrouter.routing.WeightedEdgeTest" time="0.0"/>
  <testcase name="testCreateEdges" classname="com.flydenver.bagrouter.routing.WeightedEdgeTest" time="0.001"/>
  <testcase name="equalsCheck" classname="com.flydenver.bagrouter.routing.WeightedEdgeTest" time="0.0"/>
  <testcase name="compareCheck" classname="com.flydenver.bagrouter.routing.WeightedEdgeTest" time="0.0"/>
  <testcase name="otherNodeCheck" classname="com.flydenver.bagrouter.routing.WeightedEdgeTest" time="0.0"/>
  <testcase name="testNegativeWeight" classname="com.flydenver.bagrouter.routing.WeightedEdgeTest" time="0.0"/>
  <testcase name="testEqualNode" classname="com.flydenver.bagrouter.routing.WeightedEdgeTest" time="0.0"/>
  <testcase name="testNullNode1" classname="com.flydenver.bagrouter.routing.WeightedEdgeTest" time="0.0"/>
  <testcase name="testNullNode2" classname="com.flydenver.bagrouter.routing.WeightedEdgeTest" time="0.001"/>
  <system-out><![CDATA[]]></system-out>
  <system-err><![CDATA[]]></system-err>
</testsuite>
