<?xml version="1.1" encoding="UTF-8"?>
<testsuite name="com.flydenver.bagrouter.lexer.section.SectionTypeTest" tests="30" failures="0" errors="0" timestamp="2018-01-31T12:25:09" hostname="IE00201418" time="0.193">
  <properties/>
  <testcase name="testGoodBags" classname="com.flydenver.bagrouter.lexer.section.SectionTypeTest" time="0.001"/>
  <testcase name="testGoodConveyorSystem" classname="com.flydenver.bagrouter.lexer.section.SectionTypeTest" time="0.001"/>
  <testcase name="testNull" classname="com.flydenver.bagrouter.lexer.section.SectionTypeTest" time="0.0"/>
  <testcase name="testSlipsBags" classname="com.flydenver.bagrouter.lexer.section.SectionTypeTest" time="0.001"/>
  <testcase name="testGoodDeparturesCase" classname="com.flydenver.bagrouter.lexer.section.SectionTypeTest" time="0.001"/>
  <testcase name="testSlipsConveyorSystem" classname="com.flydenver.bagrouter.lexer.section.SectionTypeTest" time="0.001"/>
  <testcase name="testGoodDepartures" classname="com.flydenver.bagrouter.lexer.section.SectionTypeTest" time="0.0"/>
  <testcase name="testGoodConveyorSystemCase" classname="com.flydenver.bagrouter.lexer.section.SectionTypeTest" time="0.009"/>
  <testcase name="testGoodBagsCase" classname="com.flydenver.bagrouter.lexer.section.SectionTypeTest" time="0.001"/>
  <testcase name="testSlipsDepartures" classname="com.flydenver.bagrouter.lexer.section.SectionTypeTest" time="0.001"/>
  <testcase name="testGoodBags" classname="com.flydenver.bagrouter.lexer.section.SectionTypeTest" time="0.0"/>
  <testcase name="testGoodConveyorSystem" classname="com.flydenver.bagrouter.lexer.section.SectionTypeTest" time="0.0"/>
  <testcase name="testNull" classname="com.flydenver.bagrouter.lexer.section.SectionTypeTest" time="0.0"/>
  <testcase name="testSlipsBags" classname="com.flydenver.bagrouter.lexer.section.SectionTypeTest" time="0.001"/>
  <testcase name="testGoodDeparturesCase" classname="com.flydenver.bagrouter.lexer.section.SectionTypeTest" time="0.0"/>
  <testcase name="testSlipsConveyorSystem" classname="com.flydenver.bagrouter.lexer.section.SectionTypeTest" time="0.0"/>
  <testcase name="testGoodDepartures" classname="com.flydenver.bagrouter.lexer.section.SectionTypeTest" time="0.001"/>
  <testcase name="testGoodConveyorSystemCase" classname="com.flydenver.bagrouter.lexer.section.SectionTypeTest" time="0.0"/>
  <testcase name="testGoodBagsCase" classname="com.flydenver.bagrouter.lexer.section.SectionTypeTest" time="0.0"/>
  <testcase name="testSlipsDepartures" classname="com.flydenver.bagrouter.lexer.section.SectionTypeTest" time="0.001"/>
  <testcase name="testGoodBags" classname="com.flydenver.bagrouter.lexer.section.SectionTypeTest" time="0.0"/>
  <testcase name="testGoodConveyorSystem" classname="com.flydenver.bagrouter.lexer.section.SectionTypeTest" time="0.0"/>
  <testcase name="testNull" classname="com.flydenver.bagrouter.lexer.section.SectionTypeTest" time="0.0"/>
  <testcase name="testSlipsBags" classname="com.flydenver.bagrouter.lexer.section.SectionTypeTest" time="0.001"/>
  <testcase name="testGoodDeparturesCase" classname="com.flydenver.bagrouter.lexer.section.SectionTypeTest" time="0.0"/>
  <testcase name="testSlipsConveyorSystem" classname="com.flydenver.bagrouter.lexer.section.SectionTypeTest" time="0.0"/>
  <testcase name="testGoodDepartures" classname="com.flydenver.bagrouter.lexer.section.SectionTypeTest" time="0.0"/>
  <testcase name="testGoodConveyorSystemCase" classname="com.flydenver.bagrouter.lexer.section.SectionTypeTest" time="0.0"/>
  <testcase name="testGoodBagsCase" classname="com.flydenver.bagrouter.lexer.section.SectionTypeTest" time="0.0"/>
  <testcase name="testSlipsDepartures" classname="com.flydenver.bagrouter.lexer.section.SectionTypeTest" time="0.0"/>
  <system-out><![CDATA[]]></system-out>
  <system-err><![CDATA[]]></system-err>
</testsuite>
