<?xml version="1.1" encoding="UTF-8"?>
<testsuite name="com.flydenver.bagrouter.lexer.section.conveyor.ConveyorRouteTest" tests="18" failures="0" errors="0" timestamp="2018-01-31T12:25:09" hostname="IE00201418" time="0.207">
  <properties/>
  <testcase name="testTooFewParts" classname="com.flydenver.bagrouter.lexer.section.conveyor.ConveyorRouteTest" time="0.001"/>
  <testcase name="testTooManyLines" classname="com.flydenver.bagrouter.lexer.section.conveyor.ConveyorRouteTest" time="0.0"/>
  <testcase name="testTooManyParts" classname="com.flydenver.bagrouter.lexer.section.conveyor.ConveyorRouteTest" time="0.0"/>
  <testcase name="testNullLine" classname="com.flydenver.bagrouter.lexer.section.conveyor.ConveyorRouteTest" time="0.001"/>
  <testcase name="testInvalidFlightTime" classname="com.flydenver.bagrouter.lexer.section.conveyor.ConveyorRouteTest" time="0.001"/>
  <testcase name="testConveyorRouteParseGood" classname="com.flydenver.bagrouter.lexer.section.conveyor.ConveyorRouteTest" time="0.0"/>
  <testcase name="testTooFewParts" classname="com.flydenver.bagrouter.lexer.section.conveyor.ConveyorRouteTest" time="0.0"/>
  <testcase name="testTooManyLines" classname="com.flydenver.bagrouter.lexer.section.conveyor.ConveyorRouteTest" time="0.0"/>
  <testcase name="testTooManyParts" classname="com.flydenver.bagrouter.lexer.section.conveyor.ConveyorRouteTest" time="0.0"/>
  <testcase name="testNullLine" classname="com.flydenver.bagrouter.lexer.section.conveyor.ConveyorRouteTest" time="0.0"/>
  <testcase name="testInvalidFlightTime" classname="com.flydenver.bagrouter.lexer.section.conveyor.ConveyorRouteTest" time="0.0"/>
  <testcase name="testConveyorRouteParseGood" classname="com.flydenver.bagrouter.lexer.section.conveyor.ConveyorRouteTest" time="0.0"/>
  <testcase name="testTooFewParts" classname="com.flydenver.bagrouter.lexer.section.conveyor.ConveyorRouteTest" time="0.0"/>
  <testcase name="testTooManyLines" classname="com.flydenver.bagrouter.lexer.section.conveyor.ConveyorRouteTest" time="0.0"/>
  <testcase name="testTooManyParts" classname="com.flydenver.bagrouter.lexer.section.conveyor.ConveyorRouteTest" time="0.0"/>
  <testcase name="testNullLine" classname="com.flydenver.bagrouter.lexer.section.conveyor.ConveyorRouteTest" time="0.001"/>
  <testcase name="testInvalidFlightTime" classname="com.flydenver.bagrouter.lexer.section.conveyor.ConveyorRouteTest" time="0.0"/>
  <testcase name="testConveyorRouteParseGood" classname="com.flydenver.bagrouter.lexer.section.conveyor.ConveyorRouteTest" time="0.0"/>
  <system-out><![CDATA[]]></system-out>
  <system-err><![CDATA[]]></system-err>
</testsuite>
