<?xml version="1.1" encoding="UTF-8"?>
<testsuite name="com.flydenver.bagrouter.routing.SearchNodeTest" tests="15" failures="0" errors="0" timestamp="2018-01-31T12:25:09" hostname="IE00201418" time="0.125">
  <properties/>
  <testcase name="testSearchNodeNullDistance" classname="com.flydenver.bagrouter.routing.SearchNodeTest" time="0.0"/>
  <testcase name="testSearchNode" classname="com.flydenver.bagrouter.routing.SearchNodeTest" time="0.0"/>
  <testcase name="testSearchNodeNullCompare" classname="com.flydenver.bagrouter.routing.SearchNodeTest" time="0.0"/>
  <testcase name="testNullSearchNode" classname="com.flydenver.bagrouter.routing.SearchNodeTest" time="0.0"/>
  <testcase name="testSearchNodeDistance" classname="com.flydenver.bagrouter.routing.SearchNodeTest" time="0.0"/>
  <testcase name="testSearchNodeNullDistance" classname="com.flydenver.bagrouter.routing.SearchNodeTest" time="0.0"/>
  <testcase name="testSearchNode" classname="com.flydenver.bagrouter.routing.SearchNodeTest" time="0.0"/>
  <testcase name="testSearchNodeNullCompare" classname="com.flydenver.bagrouter.routing.SearchNodeTest" time="0.0"/>
  <testcase name="testNullSearchNode" classname="com.flydenver.bagrouter.routing.SearchNodeTest" time="0.0"/>
  <testcase name="testSearchNodeDistance" classname="com.flydenver.bagrouter.routing.SearchNodeTest" time="0.001"/>
  <testcase name="testSearchNodeNullDistance" classname="com.flydenver.bagrouter.routing.SearchNodeTest" time="0.0"/>
  <testcase name="testSearchNode" classname="com.flydenver.bagrouter.routing.SearchNodeTest" time="0.0"/>
  <testcase name="testSearchNodeNullCompare" classname="com.flydenver.bagrouter.routing.SearchNodeTest" time="0.0"/>
  <testcase name="testNullSearchNode" classname="com.flydenver.bagrouter.routing.SearchNodeTest" time="0.0"/>
  <testcase name="testSearchNodeDistance" classname="com.flydenver.bagrouter.routing.SearchNodeTest" time="0.0"/>
  <system-out><![CDATA[]]></system-out>
  <system-err><![CDATA[]]></system-err>
</testsuite>
