<?xml version="1.1" encoding="UTF-8"?>
<testsuite name="com.flydenver.bagrouter.lexer.section.departure.DepartureParserTest" tests="30" failures="0" errors="0" timestamp="2018-01-31T12:25:09" hostname="IE00201418" time="0.236">
  <properties/>
  <testcase name="testTooFewParts" classname="com.flydenver.bagrouter.lexer.section.departure.DepartureParserTest" time="0.003"/>
  <testcase name="testTooManyLines" classname="com.flydenver.bagrouter.lexer.section.departure.DepartureParserTest" time="0.0"/>
  <testcase name="testNullLine" classname="com.flydenver.bagrouter.lexer.section.departure.DepartureParserTest" time="0.001"/>
  <testcase name="testParseSectionGood" classname="com.flydenver.bagrouter.lexer.section.departure.DepartureParserTest" time="0.003"/>
  <testcase name="testInvalidHoursLong" classname="com.flydenver.bagrouter.lexer.section.departure.DepartureParserTest" time="0.0"/>
  <testcase name="testTooManyElements" classname="com.flydenver.bagrouter.lexer.section.departure.DepartureParserTest" time="0.0"/>
  <testcase name="testInvalidMinutesLong" classname="com.flydenver.bagrouter.lexer.section.departure.DepartureParserTest" time="0.0"/>
  <testcase name="testInvalidMinutes" classname="com.flydenver.bagrouter.lexer.section.departure.DepartureParserTest" time="0.0"/>
  <testcase name="testInvalidHours" classname="com.flydenver.bagrouter.lexer.section.departure.DepartureParserTest" time="0.0"/>
  <testcase name="testInvalidFlightTime" classname="com.flydenver.bagrouter.lexer.section.departure.DepartureParserTest" time="0.013"/>
  <testcase name="testTooFewParts" classname="com.flydenver.bagrouter.lexer.section.departure.DepartureParserTest" time="0.0"/>
  <testcase name="testTooManyLines" classname="com.flydenver.bagrouter.lexer.section.departure.DepartureParserTest" time="0.0"/>
  <testcase name="testNullLine" classname="com.flydenver.bagrouter.lexer.section.departure.DepartureParserTest" time="0.001"/>
  <testcase name="testParseSectionGood" classname="com.flydenver.bagrouter.lexer.section.departure.DepartureParserTest" time="0.0"/>
  <testcase name="testInvalidHoursLong" classname="com.flydenver.bagrouter.lexer.section.departure.DepartureParserTest" time="0.0"/>
  <testcase name="testTooManyElements" classname="com.flydenver.bagrouter.lexer.section.departure.DepartureParserTest" time="0.0"/>
  <testcase name="testInvalidMinutesLong" classname="com.flydenver.bagrouter.lexer.section.departure.DepartureParserTest" time="0.0"/>
  <testcase name="testInvalidMinutes" classname="com.flydenver.bagrouter.lexer.section.departure.DepartureParserTest" time="0.0"/>
  <testcase name="testInvalidHours" classname="com.flydenver.bagrouter.lexer.section.departure.DepartureParserTest" time="0.0"/>
  <testcase name="testInvalidFlightTime" classname="com.flydenver.bagrouter.lexer.section.departure.DepartureParserTest" time="0.001"/>
  <testcase name="testTooFewParts" classname="com.flydenver.bagrouter.lexer.section.departure.DepartureParserTest" time="0.0"/>
  <testcase name="testTooManyLines" classname="com.flydenver.bagrouter.lexer.section.departure.DepartureParserTest" time="0.0"/>
  <testcase name="testNullLine" classname="com.flydenver.bagrouter.lexer.section.departure.DepartureParserTest" time="0.0"/>
  <testcase name="testParseSectionGood" classname="com.flydenver.bagrouter.lexer.section.departure.DepartureParserTest" time="0.0"/>
  <testcase name="testInvalidHoursLong" classname="com.flydenver.bagrouter.lexer.section.departure.DepartureParserTest" time="0.0"/>
  <testcase name="testTooManyElements" classname="com.flydenver.bagrouter.lexer.section.departure.DepartureParserTest" time="0.0"/>
  <testcase name="testInvalidMinutesLong" classname="com.flydenver.bagrouter.lexer.section.departure.DepartureParserTest" time="0.0"/>
  <testcase name="testInvalidMinutes" classname="com.flydenver.bagrouter.lexer.section.departure.DepartureParserTest" time="0.0"/>
  <testcase name="testInvalidHours" classname="com.flydenver.bagrouter.lexer.section.departure.DepartureParserTest" time="0.0"/>
  <testcase name="testInvalidFlightTime" classname="com.flydenver.bagrouter.lexer.section.departure.DepartureParserTest" time="0.0"/>
  <system-out><![CDATA[]]></system-out>
  <system-err><![CDATA[]]></system-err>
</testsuite>
