<?xml version="1.1" encoding="UTF-8"?>
<testsuite name="com.flydenver.bagrouter.domain.TerminalGateTest" tests="3" failures="0" errors="0" timestamp="2018-01-31T12:25:09" hostname="IE00201418" time="0.057">
  <properties/>
  <testcase name="testGatesEqual" classname="com.flydenver.bagrouter.domain.TerminalGateTest" time="0.0"/>
  <testcase name="testGatesEqual" classname="com.flydenver.bagrouter.domain.TerminalGateTest" time="0.0"/>
  <testcase name="testGatesEqual" classname="com.flydenver.bagrouter.domain.TerminalGateTest" time="0.0"/>
  <system-out><![CDATA[]]></system-out>
  <system-err><![CDATA[]]></system-err>
</testsuite>
